[13:26:42.741] [INFO] storybook v10.3.3
[13:26:44.766] [DEBUG] Getting package.json info for C:/Users/vieir/Documents/estudos/luster/package.json...
[13:26:46.494] [INFO] Starting...
[13:26:46.521] [INFO] Storybook collects completely anonymous usage telemetry. We use it to shape Storybook's roadmap and prioritize features. You can learn more, including how to opt out, at https://storybook.js.org/telemetry
[13:26:46.594] [WARN] No story files found for the specified pattern: [34m**\*.@(mdx|stories.@(js|jsx|ts|tsx))[39m
[13:26:47.630] [DEBUG] Starting preview..
[13:26:47.666] [INFO] Using implicit CSS loaders
[13:26:49.737] [ERROR] Failed to build the preview
[13:26:49.740] [ERROR] [38;2;241;97;97mSB_FRAMEWORK_ANGULAR_0001 (AngularLegacyBuildOptionsError): Your Storybook startup script uses a solution that is not supported anymore.
You must use Angular builder to have an explicit configuration on the project used in angular.json.

Please run 'npx storybook automigrate' to automatically fix your config.

More info: 
	- https://github.com/storybookjs/storybook/blob/next/MIGRATION.md#angular-drop-support-for-calling-storybook-directly
	- https://github.com/storybookjs/storybook/tree/next/code/frameworks/angular#how-do-i-migrate-to-an-angular-storybook-builder
[39m
    at checkForLegacyBuildOptions (file:///C:/Users/vieir/Documents/estudos/luster/node_modules/@storybook/angular/dist/server/framework-preset-angular-cli.js:159:11)
    at Object.webpackFinal (file:///C:/Users/vieir/Documents/estudos/luster/node_modules/@storybook/angular/dist/server/framework-preset-angular-cli.js:93:3)
    at async Object.webpack (file:///C:/Users/vieir/Documents/estudos/luster/node_modules/@storybook/builder-webpack5/dist/presets/custom-webpack-preset.js:282:28)
    at async starter (file:///C:/Users/vieir/Documents/estudos/luster/node_modules/@storybook/builder-webpack5/dist/index.js:753:16)
    at async Module.start (file:///C:/Users/vieir/Documents/estudos/luster/node_modules/@storybook/builder-webpack5/dist/index.js:857:14)
    at async storybookDevServer (file:///C:/Users/vieir/Documents/estudos/luster/node_modules/storybook/dist/core-server/index.js:7502:83)
    at async buildOrThrow (file:///C:/Users/vieir/Documents/estudos/luster/node_modules/storybook/dist/core-server/index.js:4508:12)
    at async buildDevStandalone (file:///C:/Users/vieir/Documents/estudos/luster/node_modules/storybook/dist/core-server/index.js:8029:41)
    at async withTelemetry (file:///C:/Users/vieir/Documents/estudos/luster/node_modules/storybook/dist/_node-chunks/chunk-6PADJQ3N.js:218:12)
    at async dev (file:///C:/Users/vieir/Documents/estudos/luster/node_modules/storybook/dist/bin/core.js:2736:3)
[13:26:49.744] [WARN] Broken build, fix the error above.
You may need to refresh the browser.